{"name": "collect-coins-in-a-tree", "status": "Runtime Error", "reward": false, "info": {"status_code": 15, "lang": "python3", "run_success": false, "runtime_error": "Line 54: TypeError: inf is not valid value for the expected return type integer", "full_runtime_error": "TypeError: inf is not valid value for the expected return type integer\n    raise TypeError(str(ret) + \" is not valid value for the expected return type integer\");\nLine 54 in _driver (Solution.py)\n    _driver()\nLine 61 in <module> (Solution.py)\nDuring handling of the above exception, another exception occurred:\nException: Error when serializing long: inf out of range [-(2^53-1), 2^53-1]\nLine 13 in _serialize_int (./python3/__serializer__.py)\nLine 61 in _serialize (./python3/__serializer__.py)\n    out = ser._serialize(ret, 'integer')\nLine 52 in _driver (Solution.py)", "status_runtime": "N/A", "memory": 13996000, "question_id": "2717", "elapsed_time": 43, "compare_result": "110000000000000000000000000000000000000000000000000000000000000000000000000000000000000000000000000000000000000000000000000000000000000000000000000000000000000000000000000000000000000000000000000000000000000000000000000000000000000000000000000000000000000000000000000000000000000000000000000000000000000000000000000000000000000000000000000000000000000000000000000000000000000000000000000000000000000000000000000000000000000000000000000000000000000000000000000000000000000000000000000000000000000000000000000000000000000000000000000000000000000000000000000000000000000000000000000000000000000000000000000000000000000000000000000000000000000000000000000000000000000000000000000000000000000000000000000000000000000000000000000000000000000000000000000000000000000000000000000000000000000000000000000000000000000000000000000000000000000000000000000000000000000000000000000000000000000000000000000000000000000000000000000000000000000000000000000000000000000000000000000000000000000000000000000000000000000000000000000000000000000000000000000000000000000000000000000000000000000000000000000000000000000000000000000000000000000000000000000000000000000000000000000000000000000000000000000000000000000000000000000000000000000000000000000000000000000000000000000000000000000000000000000000000000000000000000000000000000000000000000000000000000000000000000000000000000000000000000000000000000000000000000000000000000000000000000000000000000000000000000000000000000000000000000000000000000000000000000000000000000000000000000000000000000000000000000000000000000000000000000000000000000000000000000000000000000000000000000000000000000000000000000000000000000000000000000000000000000000000000000000000000000000000000000000000000000000000000000000000000000000000000000000000000000000000000000000000000000000000000000000000000000000000000000000000000000000000000000000000000000000000000000000000000000000000000000000000000000000000000000000000000000000000000000000000000000000000000000000000000000000000000000000000000000000000000000000000000000000000000000000000000000000000000000000000000000000000000000000000000000000000000000000000000000000000000000000000000000000000000000000000000000000000000000000000000000000000000000000000000000000000000000000000000000000000000000000000000000000000000000000000000000000000000000000000000000000000000000000000000000000000000000000000000000000000000000000000000000000000000000000000000000000000000000000000000000000000000000000000000000000000000000000000000000000000000000000000000000000000000000000000000000000000000000000000000000000000000000000000000000000000000000000000000000000000000000000000000000000000000000000000000000000000000000000000000000000000000000000000000000000000000000000000000000000000000000000000000000000000000000000000000000000000000000000000000000000000000000000000000000000000000000000000000000000000000000000000000000000000000000000000000000000000000000000000000000000000000000000000000000000000000000000000000000000000000000000000000000000000000000000000000000000000000000000000000000000000000000000000000000000000000000000000000000000000000000000000000000000000000000000000000000000000000000000000000000000000000000000000000000000000000000000000000000000000000000000000000000000000000000000000000000000000000000000000000000000000000000000000000000000000000000000000000000000000000000000000000000000000000000000000000000000000000000000000000000000000000000000000000000000000000000000000000000000000000000000000000000000000000000000000000000000000000000000000000000000000000000000000000000000000000000000000000000000000000000000000000000000000000000000000000000000000000000000000000000000000000000000000000000000000000000000000000000000000000000000000000000000000000000000000000000000000000000000000000000000000000000000000000000000000000000000000000000000000000000000000000000000000000000000000000000000000000000000000000000000000000000000000000000000000000000000000000000000000000000000000000000000000000000000000000000000000000000000000000000000000000000000000000000000000000000000000000000000000000000000000000000000000000000000000000000000000000000000000000000000000000000000000000000000000000000000000000000000000000000000000000000000000000000000000000000000000000000000000000000000000000000000000000000000000000000000000000000000000000000000000000000000000000000000000000000000000000000000000000000000000000000000000000000000000000000000000000000000000000000000000000000000000000000000000000000000000000000000000000000000000000000000000000000000000000000000000000000000000000000000000000000000000000000000000000000000000000000000000000000000000000000000000000000000000000000000000000000000000000000000000000000000000000000000000000000000000000000000000000000000000000000000000000000000000000000000000000000000000000000000000000000000000000000000000000000000000000000000000000000000000000000000000000000000000000000000000000000000000000000000000000000000000000000000000000000000000000000000000000000000000000000000000000000000000", "code_output": "", "std_output": "", "last_testcase": "[0]\n[]", "expected_output": "0", "task_finish_time": 1681697637400, "total_correct": 2, "total_testcases": 4986, "runtime_percentile": null, "status_memory": "N/A", "memory_percentile": null, "pretty_lang": "Python3", "submission_id": "935001427", "status_msg": "Runtime Error", "state": "SUCCESS"}}
{"name": "minimum-time-to-visit-a-cell-in-a-grid", "status": "Wrong Answer", "reward": false, "info": {"status_code": 11, "lang": "python3", "run_success": true, "status_runtime": "N/A", "memory": 31764000, "question_id": "2711", "elapsed_time": 2380, "compare_result": "10110011111000001011000010011000010000100", "code_output": "6", "std_output": "", "last_testcase": "[[0,2,4],[3,2,1],[1,0,4]]", "expected_output": "-1", "task_finish_time": 1681697890753, "total_correct": 16, "total_testcases": 41, "runtime_percentile": null, "status_memory": "N/A", "memory_percentile": null, "pretty_lang": "Python3", "submission_id": "935002678", "input_formatted": "[[0,2,4],[3,2,1],[1,0,4]]", "input": "[[0,2,4],[3,2,1],[1,0,4]]", "status_msg": "Wrong Answer", "state": "SUCCESS"}}
