{"name": "minimum-reverse-operations", "status": "Runtime Error", "reward": false, "info": {"status_code": 15, "lang": "python3", "run_success": false, "runtime_error": "Line 24: RecursionError: maximum recursion depth exceeded in comparison", "full_runtime_error": "RecursionError: maximum recursion depth exceeded in comparison\n    if ((0 <= new_p < n) and is_valid_move(min(p, new_p), (max(p, new_p) + k), banned, k)):\nLine 24 in min_operations (Solution.py)\n  [Previous line repeated 996 more times]\n    ops = (1 + min_operations(target, new_p, k, banned, memo))\nLine 25 in min_operations (Solution.py)\n    ops = (1 + min_operations(target, new_p, k, banned, memo))\nLine 25 in min_operations (Solution.py)\n    ops = (1 + min_operations(target, new_p, k, banned, memo))\nLine 25 in min_operations (Solution.py)", "status_runtime": "N/A", "memory": 684160000, "question_id": "2726", "elapsed_time": 1853, "compare_result": "000000000000000000000000000000000000000000000000000000000000000000000000000000000000000000000000000000000000000000000000000000000000000000000000000000000000000000000000000000000000000000000000000000000000000000000000000000000000000000000000000000000000000000000000000000000000000000000000000000000000000000000000000000000000000000000000000000000000000000000000000000000000000000000000000000000000000000000000000000000000000000000000000000000000000000000000000000000000000000000000000000000000000000000000000000000000000000000000000000000000000000000000000000000000000000000000000000000000000000000000000000000000000000000000000000000000000000000000000000000000000000000000000000000000000000000000000000000000000", "code_output": "", "std_output": "", "last_testcase": "4\n0\n[1,2]\n4", "expected_output": "[0,-1,-1,1]", "task_finish_time": 1681700614199, "total_correct": 0, "total_testcases": 711, "runtime_percentile": null, "status_memory": "N/A", "memory_percentile": null, "pretty_lang": "Python3", "submission_id": "935016344", "status_msg": "Runtime Error", "state": "SUCCESS"}}
{"name": "collect-coins-in-a-tree", "status": "Submission Timed-Out", "reward": false, "info": {"state": "STARTED"}}
{"name": "minimum-time-to-visit-a-cell-in-a-grid", "status": "Wrong Answer", "reward": false, "info": {"status_code": 11, "lang": "python3", "run_success": true, "status_runtime": "N/A", "memory": 29172000, "question_id": "2711", "elapsed_time": 1894, "compare_result": "10110011111000001011000010011000010000100", "code_output": "6", "std_output": "", "last_testcase": "[[0,2,4],[3,2,1],[1,0,4]]", "expected_output": "-1", "task_finish_time": 1681701070482, "total_correct": 16, "total_testcases": 41, "runtime_percentile": null, "status_memory": "N/A", "memory_percentile": null, "pretty_lang": "Python3", "submission_id": "935018738", "input_formatted": "[[0,2,4],[3,2,1],[1,0,4]]", "input": "[[0,2,4],[3,2,1],[1,0,4]]", "status_msg": "Wrong Answer", "state": "SUCCESS"}}
{"name": "find-the-string-with-lcp", "status": "Wrong Answer", "reward": false, "info": {"status_code": 11, "lang": "python3", "run_success": true, "status_runtime": "N/A", "memory": 17356000, "question_id": "2708", "elapsed_time": 334, "compare_result": "0001000000000000000000000000000000000000000000000000000", "code_output": "\"aehj\"", "std_output": "", "last_testcase": "[[4,0,2,0],[0,3,0,1],[2,0,2,0],[0,1,0,1]]", "expected_output": "\"abab\"", "task_finish_time": 1681701270446, "total_correct": 1, "total_testcases": 55, "runtime_percentile": null, "status_memory": "N/A", "memory_percentile": null, "pretty_lang": "Python3", "submission_id": "935019825", "input_formatted": "[[4,0,2,0],[0,3,0,1],[2,0,2,0],[0,1,0,1]]", "input": "[[4,0,2,0],[0,3,0,1],[2,0,2,0],[0,1,0,1]]", "status_msg": "Wrong Answer", "state": "SUCCESS"}}
{"name": "handling-sum-queries-after-update", "status": "Submission Timed-Out", "reward": false, "info": {"state": "STARTED"}}
{"name": "subsequence-with-the-minimum-score", "status": "Wrong Answer", "reward": false, "info": {"status_code": 11, "lang": "python3", "run_success": true, "status_runtime": "N/A", "memory": 783224000, "question_id": "2701", "elapsed_time": 1487, "compare_result": "011010000001000100000000000000000000000000000000000000", "code_output": "2", "std_output": "", "last_testcase": "\"abacaba\"\n\"bzaa\"", "expected_output": "1", "task_finish_time": 1681701484618, "total_correct": 5, "total_testcases": 54, "runtime_percentile": null, "status_memory": "N/A", "memory_percentile": null, "pretty_lang": "Python3", "submission_id": "935020878", "input_formatted": "\"abacaba\", \"bzaa\"", "input": "\"abacaba\"\n\"bzaa\"", "status_msg": "Wrong Answer", "state": "SUCCESS"}}
{"name": "minimum-number-of-visited-cells-in-a-grid", "status": "Submission Timed-Out", "reward": false, "info": {"state": "STARTED"}}
{"name": "rearranging-fruits", "status": "Wrong Answer", "reward": false, "info": {"status_code": 11, "lang": "python3", "run_success": true, "status_runtime": "N/A", "memory": 48060000, "question_id": "2689", "elapsed_time": 820, "compare_result": "1001110000000110111010100000000000000000", "code_output": "0", "std_output": "", "last_testcase": "[2,3,4,1]\n[3,2,5,1]", "expected_output": "-1", "task_finish_time": 1681701729708, "total_correct": 11, "total_testcases": 40, "runtime_percentile": null, "status_memory": "N/A", "memory_percentile": null, "pretty_lang": "Python3", "submission_id": "935022189", "input_formatted": "[2,3,4,1], [3,2,5,1]", "input": "[2,3,4,1]\n[3,2,5,1]", "status_msg": "Wrong Answer", "state": "SUCCESS"}}
{"name": "count-increasing-quadruplets", "status": "Submission Timed-Out", "reward": false, "info": {"state": "STARTED"}}
{"name": "put-marbles-in-bags", "status": "Wrong Answer", "reward": false, "info": {"status_code": 11, "lang": "python3", "run_success": true, "status_runtime": "N/A", "memory": 13908000, "question_id": "2681", "elapsed_time": 44, "compare_result": "0000000000000000000000000000000000000000000000000000000000000000000000000000000000000000000000000000000", "code_output": "6", "std_output": "", "last_testcase": "[1,3,5,1]\n2", "expected_output": "4", "task_finish_time": 1681702013575, "total_correct": 0, "total_testcases": 103, "runtime_percentile": null, "status_memory": "N/A", "memory_percentile": null, "pretty_lang": "Python3", "submission_id": "935023798", "input_formatted": "[1,3,5,1], 2", "input": "[1,3,5,1]\n2", "status_msg": "Wrong Answer", "state": "SUCCESS"}}
{"name": "shortest-cycle-in-a-graph", "status": "Accepted", "reward": true, "info": {"status_code": 10, "lang": "python3", "run_success": true, "status_runtime": "2683 ms", "memory": 14616000, "question_id": "2671", "elapsed_time": 2701, "compare_result": "1111111111111111111111111111111111111111111111111111111111111111111111111111111111111111", "code_output": "", "std_output": "", "last_testcase": "", "expected_output": "", "task_finish_time": 1681702142951, "total_correct": 88, "total_testcases": 88, "runtime_percentile": 41.8418000000004, "status_memory": "14.6 MB", "memory_percentile": 29.577399999999997, "pretty_lang": "Python3", "submission_id": "935024460", "status_msg": "Accepted", "state": "SUCCESS"}}
{"name": "minimum-time-to-complete-all-tasks", "status": "Runtime Error", "reward": false, "info": {"status_code": 15, "lang": "python3", "run_success": false, "runtime_error": "Line 44: TypeError: inf is not valid value for the expected return type integer", "full_runtime_error": "TypeError: inf is not valid value for the expected return type integer\n    raise TypeError(str(ret) + \" is not valid value for the expected return type integer\");\nLine 44 in _driver (Solution.py)\n    _driver()\nLine 51 in <module> (Solution.py)\nDuring handling of the above exception, another exception occurred:\nException: Error when serializing long: inf out of range [-(2^53-1), 2^53-1]\nLine 13 in _serialize_int (./python3/__serializer__.py)\nLine 61 in _serialize (./python3/__serializer__.py)\n    out = ser._serialize(ret, 'integer')\nLine 42 in _driver (Solution.py)", "status_runtime": "N/A", "memory": 13836000, "question_id": "2657", "elapsed_time": 43, "compare_result": "100000000000000000000000000000000000000000000000000000000000000000000000000000000000000000000000000000000000000000000000000000000000000000000000000000000000000000000000000000000000000000000000000000000000000000000000000000000000000000000000000000000000000000000000000000000000000000000000000000000000000000000000000000000000000000000000000000000000000000000000000000000000000000000000000000000000000000000000000000000000000000000000000000000000000000000000000000000000000000000000000000000000000000000000000000000000000000000000000000000000000000000000000000000000000000000000000000000000000000000000000000000000000000000000000000000000000000000000000000000000000000000000000000000000000000000000000000000000000000000000000000000000000000000000000000000000000000000000000000000000000000000000000000000000000000000000000000000000000000000000000000000000000000000000000000000000000000000000000000000000000000000000000000000000000000000000000000000000000000000000000000000000000000000000000000000000000000000000000000000000000000000000000000000000000000000000000", "code_output": "", "std_output": "", "last_testcase": "[[1,3,2],[2,5,3],[5,6,2]]", "expected_output": "4", "task_finish_time": 1681702342561, "total_correct": 1, "total_testcases": 1059, "runtime_percentile": null, "status_memory": "N/A", "memory_percentile": null, "pretty_lang": "Python3", "submission_id": "935025528", "status_msg": "Runtime Error", "state": "SUCCESS"}}
{"name": "count-number-of-possible-root-nodes", "status": "Submission Timed-Out", "reward": false, "info": {"state": "STARTED"}}
{"name": "number-of-ways-to-earn-points", "status": "Accepted", "reward": true, "info": {"status_code": 10, "lang": "python3", "run_success": true, "status_runtime": "2292 ms", "memory": 13792000, "question_id": "2648", "elapsed_time": 2319, "compare_result": "111111111111111111111111111111111111111111111111111111111111111", "code_output": "", "std_output": "", "last_testcase": "", "expected_output": "", "task_finish_time": 1681702590911, "total_correct": 63, "total_testcases": 63, "runtime_percentile": 77.72500000000105, "status_memory": "13.8 MB", "memory_percentile": 98.96039999999999, "pretty_lang": "Python3", "submission_id": "935026961", "status_msg": "Accepted", "state": "SUCCESS"}}
{"name": "split-the-array-to-make-coprime-products", "status": "Submission Timed-Out", "reward": false, "info": {"state": "STARTED"}}
{"name": "time-to-cross-a-bridge", "status": "Wrong Answer", "reward": false, "info": {"status_code": 11, "lang": "python3", "run_success": true, "status_runtime": "N/A", "memory": 21032000, "question_id": "2642", "elapsed_time": 462, "compare_result": "00000000000000000000000000000000000000000000000000000000000000000", "code_output": "1", "std_output": "", "last_testcase": "1\n3\n[[1,1,2,1],[1,1,3,1],[1,1,4,1]]", "expected_output": "6", "task_finish_time": 1681702887682, "total_correct": 0, "total_testcases": 65, "runtime_percentile": null, "status_memory": "N/A", "memory_percentile": null, "pretty_lang": "Python3", "submission_id": "935028639", "input_formatted": "1, 3, [[1,1,2,1],[1,1,3,1],[1,1,4,1]]", "input": "1\n3\n[[1,1,2,1],[1,1,3,1],[1,1,4,1]]", "status_msg": "Wrong Answer", "state": "SUCCESS"}}
{"name": "check-if-point-is-reachable", "status": "Submission Timed-Out", "reward": false, "info": {"state": "STARTED"}}
{"name": "minimum-cost-to-split-an-array", "status": "Submission Timed-Out", "reward": false, "info": {"state": "STARTED"}}
{"name": "difference-between-maximum-and-minimum-price-sum", "status": "Submission Timed-Out", "reward": false, "info": {"state": "STARTED"}}
{"name": "maximize-the-minimum-powered-city", "status": "Submission Timed-Out", "reward": false, "info": {"state": "STARTED"}}
{"name": "count-anagrams", "status": "Accepted", "reward": true, "info": {"status_code": 10, "lang": "python3", "run_success": true, "status_runtime": "2002 ms", "memory": 15572000, "question_id": "2605", "elapsed_time": 2022, "compare_result": "11111111111111111111111111111111111111111", "code_output": "", "std_output": "", "last_testcase": "", "expected_output": "", "task_finish_time": 1681703656422, "total_correct": 41, "total_testcases": 41, "runtime_percentile": 66.97360000000042, "status_memory": "15.6 MB", "memory_percentile": 75.6881, "pretty_lang": "Python3", "submission_id": "935033155", "status_msg": "Accepted", "state": "SUCCESS"}}
{"name": "number-of-great-partitions", "status": "Submission Timed-Out", "reward": false, "info": {"state": "STARTED"}}
{"name": "cycle-length-queries-in-a-tree", "status": "Accepted", "reward": true, "info": {"status_code": 10, "lang": "python3", "run_success": true, "status_runtime": "1737 ms", "memory": 53652000, "question_id": "2597", "elapsed_time": 1778, "compare_result": "111111111111111111111111111", "code_output": "", "std_output": "", "last_testcase": "", "expected_output": "", "task_finish_time": 1681703846704, "total_correct": 27, "total_testcases": 27, "runtime_percentile": 44.82620000000011, "status_memory": "53.7 MB", "memory_percentile": 53.4482, "pretty_lang": "Python3", "submission_id": "935034324", "status_msg": "Accepted", "state": "SUCCESS"}}
{"name": "add-edges-to-make-degrees-of-all-nodes-even", "status": "Wrong Answer", "reward": false, "info": {"status_code": 11, "lang": "python3", "run_success": true, "status_runtime": "N/A", "memory": 56012000, "question_id": "2596", "elapsed_time": 1699, "compare_result": "1010110111111011101111000110001111111111110011000110", "code_output": "false", "std_output": "", "last_testcase": "4\n[[1,2],[3,4]]", "expected_output": "true", "task_finish_time": 1681704042779, "total_correct": 35, "total_testcases": 52, "runtime_percentile": null, "status_memory": "N/A", "memory_percentile": null, "pretty_lang": "Python3", "submission_id": "935035563", "input_formatted": "4, [[1,2],[3,4]]", "input": "4\n[[1,2],[3,4]]", "status_msg": "Wrong Answer", "state": "SUCCESS"}}
{"name": "minimum-total-cost-to-make-arrays-unequal", "status": "Wrong Answer", "reward": false, "info": {"status_code": 11, "lang": "python3", "run_success": true, "status_runtime": "N/A", "memory": 48932000, "question_id": "2592", "elapsed_time": 1275, "compare_result": "00000000000000000000000000000000000000000000000000000000000000000000000100000000000010000000000000000000", "code_output": "0", "std_output": "", "last_testcase": "[1,2,3,4,5]\n[1,2,3,4,5]", "expected_output": "10", "task_finish_time": 1681704260876, "total_correct": 2, "total_testcases": 104, "runtime_percentile": null, "status_memory": "N/A", "memory_percentile": null, "pretty_lang": "Python3", "submission_id": "935036850", "input_formatted": "[1,2,3,4,5], [1,2,3,4,5]", "input": "[1,2,3,4,5]\n[1,2,3,4,5]", "status_msg": "Wrong Answer", "state": "SUCCESS"}}
{"name": "maximum-number-of-points-from-grid-queries", "status": "Runtime Error", "reward": false, "info": {"status_code": 15, "lang": "python3", "run_success": false, "runtime_error": "Line 14: IndexError: list index out of range", "full_runtime_error": "IndexError: list index out of range\n    points = (1 if (grid[x][y] < query) else 0)\nLine 14 in memoized_dfs (Solution.py)\n    points += memoized_dfs((x + dx), (y + dy), query)\nLine 16 in memoized_dfs (Solution.py)\n    points += memoized_dfs((x + dx), (y + dy), query)\nLine 16 in memoized_dfs (Solution.py)\n    points += memoized_dfs((x + dx), (y + dy), query)\nLine 16 in memoized_dfs (Solution.py)\n    return memoized_dfs(x, y, query)\nLine 18 in dfs (Solution.py)\n    answer.append(dfs(0, 0, query))\nLine 21 in maxPoints (Solution.py)\n    ret = Solution().maxPoints(param_1, param_2)\nLine 47 in _driver (Solution.py)\n    _driver()\nLine 58 in <module> (Solution.py)", "status_runtime": "N/A", "memory": 13992000, "question_id": "2588", "elapsed_time": 45, "compare_result": "000000000000000000000", "code_output": "", "std_output": "", "last_testcase": "[[1,2,3],[2,5,7],[3,5,1]]\n[5,6,2]", "expected_output": "[5,8,1]", "task_finish_time": 1681704479286, "total_correct": 0, "total_testcases": 21, "runtime_percentile": null, "status_memory": "N/A", "memory_percentile": null, "pretty_lang": "Python3", "submission_id": "935038154", "status_msg": "Runtime Error", "state": "SUCCESS"}}
{"name": "divide-nodes-into-the-maximum-number-of-groups", "status": "Wrong Answer", "reward": false, "info": {"status_code": 11, "lang": "python3", "run_success": true, "status_runtime": "N/A", "memory": 17844000, "question_id": "2583", "elapsed_time": 264, "compare_result": "0100000000001000000000000000000000000111011100110001000", "code_output": "2", "std_output": "", "last_testcase": "6\n[[1,2],[1,4],[1,5],[2,6],[2,3],[4,6]]", "expected_output": "4", "task_finish_time": 1681704691680, "total_correct": 11, "total_testcases": 55, "runtime_percentile": null, "status_memory": "N/A", "memory_percentile": null, "pretty_lang": "Python3", "submission_id": "935039452", "input_formatted": "6, [[1,2],[1,4],[1,5],[2,6],[2,3],[4,6]]", "input": "6\n[[1,2],[1,4],[1,5],[2,6],[2,3],[4,6]]", "status_msg": "Wrong Answer", "state": "SUCCESS"}}
{"name": "count-palindromic-subsequences", "status": "Submission Timed-Out", "reward": false, "info": {"state": "STARTED"}}
{"name": "count-subarrays-with-median-k", "status": "Submission Timed-Out", "reward": false, "info": {"state": "STARTED"}}
{"name": "number-of-beautiful-partitions", "status": "Submission Timed-Out", "reward": false, "info": {"state": "STARTED"}}
{"name": "split-message-based-on-limit", "status": "Submission Timed-Out", "reward": false, "info": {"state": "STARTED"}}
{"name": "maximum-number-of-non-overlapping-palindrome-substrings", "status": "Submission Timed-Out", "reward": false, "info": {"state": "STARTED"}}
{"name": "minimum-total-distance-traveled", "status": "Wrong Answer", "reward": false, "info": {"status_code": 11, "lang": "python3", "run_success": true, "status_runtime": "N/A", "memory": 13932000, "question_id": "2554", "elapsed_time": 61, "compare_result": "1101111011111111111111110011011101111001", "code_output": "7", "std_output": "", "last_testcase": "[9,11,99,101]\n[[10,1],[7,1],[14,1],[100,1],[96,1],[103,1]]", "expected_output": "6", "task_finish_time": 1681705573958, "total_correct": 32, "total_testcases": 40, "runtime_percentile": null, "status_memory": "N/A", "memory_percentile": null, "pretty_lang": "Python3", "submission_id": "935045044", "input_formatted": "[9,11,99,101], [[10,1],[7,1],[14,1],[100,1],[96,1],[103,1]]", "input": "[9,11,99,101]\n[[10,1],[7,1],[14,1],[100,1],[96,1],[103,1]]", "status_msg": "Wrong Answer", "state": "SUCCESS"}}
{"name": "next-greater-element-iv", "status": "Wrong Answer", "reward": false, "info": {"status_code": 11, "lang": "python3", "run_success": true, "status_runtime": "N/A", "memory": 28288000, "question_id": "2549", "elapsed_time": 1071, "compare_result": "010000001101000000000000000000000000000000010110000", "code_output": "[-1,-1,-1,-1,-1]", "std_output": "", "last_testcase": "[2,4,0,9,6]", "expected_output": "[9,6,6,-1,-1]", "task_finish_time": 1681705714229, "total_correct": 7, "total_testcases": 51, "runtime_percentile": null, "status_memory": "N/A", "memory_percentile": null, "pretty_lang": "Python3", "submission_id": "935045927", "input_formatted": "[2,4,0,9,6]", "input": "[2,4,0,9,6]", "status_msg": "Wrong Answer", "state": "SUCCESS"}}
{"name": "minimum-number-of-operations-to-make-arrays-similar", "status": "Wrong Answer", "reward": false, "info": {"status_code": 11, "lang": "python3", "run_success": true, "status_runtime": "N/A", "memory": 42640000, "question_id": "2539", "elapsed_time": 862, "compare_result": "00100000000000000000000000000000", "code_output": "-1", "std_output": "", "last_testcase": "[8,12,6]\n[2,14,10]", "expected_output": "2", "task_finish_time": 1681705845449, "total_correct": 1, "total_testcases": 32, "runtime_percentile": null, "status_memory": "N/A", "memory_percentile": null, "pretty_lang": "Python3", "submission_id": "935046779", "input_formatted": "[8,12,6], [2,14,10]", "input": "[8,12,6]\n[2,14,10]", "status_msg": "Wrong Answer", "state": "SUCCESS"}}
{"name": "minimum-cost-to-make-array-equal", "status": "Accepted", "reward": true, "info": {"status_code": 10, "lang": "python3", "run_success": true, "status_runtime": "1324 ms", "memory": 29508000, "question_id": "2538", "elapsed_time": 1349, "compare_result": "111111111111111111111111111111111111111111111111", "code_output": "", "std_output": "", "last_testcase": "", "expected_output": "", "task_finish_time": 1681705877245, "total_correct": 48, "total_testcases": 48, "runtime_percentile": 5.401999999999845, "status_memory": "29.5 MB", "memory_percentile": 57.43240000000001, "pretty_lang": "Python3", "submission_id": "935046977", "status_msg": "Accepted", "state": "SUCCESS"}}
{"name": "create-components-with-same-value", "status": "Wrong Answer", "reward": false, "info": {"status_code": 11, "lang": "python3", "run_success": true, "status_runtime": "N/A", "memory": 45408000, "question_id": "2531", "elapsed_time": 1334, "compare_result": "0110000000000010001000000001001001010000110", "code_output": "-1", "std_output": "", "last_testcase": "[6,2,2,2,6]\n[[0,1],[1,2],[1,3],[3,4]]", "expected_output": "2", "task_finish_time": 1681706062974, "total_correct": 10, "total_testcases": 43, "runtime_percentile": null, "status_memory": "N/A", "memory_percentile": null, "pretty_lang": "Python3", "submission_id": "935048221", "input_formatted": "[6,2,2,2,6], [[0,1],[1,2],[1,3],[3,4]]", "input": "[6,2,2,2,6]\n[[0,1],[1,2],[1,3],[3,4]]", "status_msg": "Wrong Answer", "state": "SUCCESS"}}
{"name": "count-subarrays-with-fixed-bounds", "status": "Submission Timed-Out", "reward": false, "info": {"state": "STARTED"}}
{"name": "longest-increasing-subsequence-ii", "status": "Submission Timed-Out", "reward": false, "info": {"state": "STARTED"}}
{"name": "paths-in-matrix-whose-sum-is-divisible-by-k", "status": "Accepted", "reward": true, "info": {"status_code": 10, "lang": "python3", "run_success": true, "status_runtime": "6132 ms", "memory": 94216000, "question_id": "2521", "elapsed_time": 6321, "compare_result": "1111111111111111111111111111111111111111111111111111111111111111111111111111111111111111", "code_output": "", "std_output": "", "last_testcase": "", "expected_output": "", "task_finish_time": 1681706190987, "total_correct": 88, "total_testcases": 88, "runtime_percentile": 15.170599999999851, "status_memory": "94.2 MB", "memory_percentile": 80.32829999999994, "pretty_lang": "Python3", "submission_id": "935049009", "status_msg": "Accepted", "state": "SUCCESS"}}
